<?xml version="1.0" encoding="UTF-8"?>
<!-- Generated by org.testng.reporters.JUnitXMLReporter -->
<testsuite hostname="DESKTOP-D6S55KB" ignored="0" name="Free Crm App Test cases " tests="10" failures="1" timestamp="26 Apr 2019 22:56:23 GMT" time="115.497" errors="0">
  <testcase name="loginPageTitleTest" time="0.017" classname="step.com.crm.qa.testcases.LoginPageTest">
    <failure type="java.lang.AssertionError" message="expected [CRMPRO  - CRM software for customer relationship management, sales, and support.] but found [CRMPRO - CRM software for customer relationship management, sales, and support.]">
      <![CDATA[java.lang.AssertionError: expected [CRMPRO  - CRM software for customer relationship management, sales, and support.] but found [CRMPRO - CRM software for customer relationship management, sales, and support.]
at step.com.crm.qa.testcases.LoginPageTest.loginPageTitleTest(LoginPageTest.java:31)
... Removed 31 stack frames]]>
    </failure>
  </testcase> <!-- loginPageTitleTest -->
  <testcase name="verifyHomePageTitleTest" time="0.006" classname="step.com.crm.qa.testcases.HomePageTest"/>
  <testcase name="verifyContactsPageLabelTest" time="0.03" classname="step.com.crm.qa.testcases.ContactsPageTest"/>
  <testcase name="crmLogoImageTest" time="0.032" classname="step.com.crm.qa.testcases.LoginPageTest"/>
  <testcase name="verifyUsernameTest" time="0.171" classname="step.com.crm.qa.testcases.HomePageTest"/>
  <testcase name="validateCreateNewContactTest" time="2.233" classname="step.com.crm.qa.testcases.ContactsPageTest"/>
  <testcase name="validateCreateNewContactTest" time="2.308" classname="step.com.crm.qa.testcases.ContactsPageTest"/>
  <testcase name="validateCreateNewContactTest" time="2.323" classname="step.com.crm.qa.testcases.ContactsPageTest"/>
  <testcase name="loginTest" time="3.562" classname="step.com.crm.qa.testcases.LoginPageTest"/>
  <testcase name="verifyContactsLinkTest" time="0.995" classname="step.com.crm.qa.testcases.HomePageTest"/>
</testsuite> <!-- Free Crm App Test cases  -->
