<?xml version="1.0" encoding="UTF-8"?>
<testng-results skipped="0" failed="1" ignored="0" total="10" passed="9">
  <reporter-output>
  </reporter-output>
  <suite name="Free crm test automation suite" duration-ms="115497" started-at="2019-04-26T22:54:28Z" finished-at="2019-04-26T22:56:23Z">
    <groups>
    </groups>
    <test name="Free Crm App Test cases " duration-ms="115497" started-at="2019-04-26T22:54:28Z" finished-at="2019-04-26T22:56:23Z">
      <class name="step.com.crm.qa.testcases.HomePageTest">
        <test-method status="PASS" signature="setUp()[pri:0, instance:step.com.crm.qa.testcases.HomePageTest@e25b2fe]" name="setUp" is-config="true" duration-ms="11463" started-at="2019-04-26T22:54:36Z" finished-at="2019-04-26T22:54:48Z">
          <reporter-output>
          </reporter-output>
        </test-method> <!-- setUp -->
        <test-method status="PASS" signature="verifyHomePageTitleTest()[pri:1, instance:step.com.crm.qa.testcases.HomePageTest@e25b2fe]" name="verifyHomePageTitleTest" duration-ms="6" started-at="2019-04-26T22:54:48Z" finished-at="2019-04-26T22:54:48Z">
          <reporter-output>
          </reporter-output>
        </test-method> <!-- verifyHomePageTitleTest -->
        <test-method status="PASS" signature="tearDown()[pri:0, instance:step.com.crm.qa.testcases.HomePageTest@e25b2fe]" name="tearDown" is-config="true" duration-ms="650" started-at="2019-04-26T22:54:48Z" finished-at="2019-04-26T22:54:48Z">
          <reporter-output>
          </reporter-output>
        </test-method> <!-- tearDown -->
        <test-method status="PASS" signature="setUp()[pri:0, instance:step.com.crm.qa.testcases.HomePageTest@e25b2fe]" name="setUp" is-config="true" duration-ms="9588" started-at="2019-04-26T22:55:07Z" finished-at="2019-04-26T22:55:17Z">
          <reporter-output>
          </reporter-output>
        </test-method> <!-- setUp -->
        <test-method status="PASS" signature="verifyUsernameTest()[pri:2, instance:step.com.crm.qa.testcases.HomePageTest@e25b2fe]" name="verifyUsernameTest" duration-ms="171" started-at="2019-04-26T22:55:17Z" finished-at="2019-04-26T22:55:17Z">
          <reporter-output>
          </reporter-output>
        </test-method> <!-- verifyUsernameTest -->
        <test-method status="PASS" signature="tearDown()[pri:0, instance:step.com.crm.qa.testcases.HomePageTest@e25b2fe]" name="tearDown" is-config="true" duration-ms="652" started-at="2019-04-26T22:55:17Z" finished-at="2019-04-26T22:55:18Z">
          <reporter-output>
          </reporter-output>
        </test-method> <!-- tearDown -->
        <test-method status="PASS" signature="setUp()[pri:0, instance:step.com.crm.qa.testcases.HomePageTest@e25b2fe]" name="setUp" is-config="true" duration-ms="9618" started-at="2019-04-26T22:56:12Z" finished-at="2019-04-26T22:56:22Z">
          <reporter-output>
          </reporter-output>
        </test-method> <!-- setUp -->
        <test-method status="PASS" signature="verifyContactsLinkTest()[pri:3, instance:step.com.crm.qa.testcases.HomePageTest@e25b2fe]" name="verifyContactsLinkTest" duration-ms="995" started-at="2019-04-26T22:56:22Z" finished-at="2019-04-26T22:56:23Z">
          <reporter-output>
          </reporter-output>
        </test-method> <!-- verifyContactsLinkTest -->
        <test-method status="PASS" signature="tearDown()[pri:0, instance:step.com.crm.qa.testcases.HomePageTest@e25b2fe]" name="tearDown" is-config="true" duration-ms="680" started-at="2019-04-26T22:56:23Z" finished-at="2019-04-26T22:56:23Z">
          <reporter-output>
          </reporter-output>
        </test-method> <!-- tearDown -->
      </class> <!-- step.com.crm.qa.testcases.HomePageTest -->
      <class name="step.com.crm.qa.testcases.ContactsPageTest">
        <test-method status="PASS" signature="setUp()[pri:0, instance:step.com.crm.qa.testcases.ContactsPageTest@754ba872]" name="setUp" is-config="true" duration-ms="10223" started-at="2019-04-26T22:54:48Z" finished-at="2019-04-26T22:54:59Z">
          <reporter-output>
          </reporter-output>
        </test-method> <!-- setUp -->
        <test-method status="PASS" signature="verifyContactsPageLabelTest()[pri:1, instance:step.com.crm.qa.testcases.ContactsPageTest@754ba872]" name="verifyContactsPageLabelTest" duration-ms="30" started-at="2019-04-26T22:54:59Z" finished-at="2019-04-26T22:54:59Z">
          <reporter-output>
          </reporter-output>
        </test-method> <!-- verifyContactsPageLabelTest -->
        <test-method status="PASS" signature="tearDown()[pri:0, instance:step.com.crm.qa.testcases.ContactsPageTest@754ba872]" name="tearDown" is-config="true" duration-ms="722" started-at="2019-04-26T22:54:59Z" finished-at="2019-04-26T22:54:59Z">
          <reporter-output>
          </reporter-output>
        </test-method> <!-- tearDown -->
        <test-method status="PASS" signature="setUp()[pri:0, instance:step.com.crm.qa.testcases.ContactsPageTest@754ba872]" name="setUp" is-config="true" duration-ms="11335" started-at="2019-04-26T22:55:18Z" finished-at="2019-04-26T22:55:29Z">
          <reporter-output>
          </reporter-output>
        </test-method> <!-- setUp -->
        <test-method status="PASS" signature="validateCreateNewContactTest(java.lang.String, java.lang.String, java.lang.String, java.lang.String)[pri:2, instance:step.com.crm.qa.testcases.ContactsPageTest@754ba872]" name="validateCreateNewContactTest" duration-ms="2233" started-at="2019-04-26T22:55:29Z" data-provider="getCRMTestData" finished-at="2019-04-26T22:55:32Z">
          <params>
            <param index="0">
              <value>
                <![CDATA[Mr.]]>
              </value>
            </param>
            <param index="1">
              <value>
                <![CDATA[Tom]]>
              </value>
            </param>
            <param index="2">
              <value>
                <![CDATA[Peter]]>
              </value>
            </param>
            <param index="3">
              <value>
                <![CDATA[Google]]>
              </value>
            </param>
          </params>
          <reporter-output>
          </reporter-output>
        </test-method> <!-- validateCreateNewContactTest -->
        <test-method status="PASS" signature="tearDown()[pri:0, instance:step.com.crm.qa.testcases.ContactsPageTest@754ba872]" name="tearDown" is-config="true" duration-ms="642" started-at="2019-04-26T22:55:32Z" finished-at="2019-04-26T22:55:32Z">
          <reporter-output>
          </reporter-output>
        </test-method> <!-- tearDown -->
        <test-method status="PASS" signature="setUp()[pri:0, instance:step.com.crm.qa.testcases.ContactsPageTest@754ba872]" name="setUp" is-config="true" duration-ms="11830" started-at="2019-04-26T22:55:32Z" finished-at="2019-04-26T22:55:44Z">
          <reporter-output>
          </reporter-output>
        </test-method> <!-- setUp -->
        <test-method status="PASS" signature="validateCreateNewContactTest(java.lang.String, java.lang.String, java.lang.String, java.lang.String)[pri:2, instance:step.com.crm.qa.testcases.ContactsPageTest@754ba872]" name="validateCreateNewContactTest" duration-ms="2308" started-at="2019-04-26T22:55:44Z" data-provider="getCRMTestData" finished-at="2019-04-26T22:55:46Z">
          <params>
            <param index="0">
              <value>
                <![CDATA[Dr.]]>
              </value>
            </param>
            <param index="1">
              <value>
                <![CDATA[rajan]]>
              </value>
            </param>
            <param index="2">
              <value>
                <![CDATA[patel]]>
              </value>
            </param>
            <param index="3">
              <value>
                <![CDATA[Amazon]]>
              </value>
            </param>
          </params>
          <reporter-output>
          </reporter-output>
        </test-method> <!-- validateCreateNewContactTest -->
        <test-method status="PASS" signature="tearDown()[pri:0, instance:step.com.crm.qa.testcases.ContactsPageTest@754ba872]" name="tearDown" is-config="true" duration-ms="654" started-at="2019-04-26T22:55:46Z" finished-at="2019-04-26T22:55:47Z">
          <reporter-output>
          </reporter-output>
        </test-method> <!-- tearDown -->
        <test-method status="PASS" signature="setUp()[pri:0, instance:step.com.crm.qa.testcases.ContactsPageTest@754ba872]" name="setUp" is-config="true" duration-ms="11244" started-at="2019-04-26T22:55:47Z" finished-at="2019-04-26T22:55:58Z">
          <reporter-output>
          </reporter-output>
        </test-method> <!-- setUp -->
        <test-method status="PASS" signature="validateCreateNewContactTest(java.lang.String, java.lang.String, java.lang.String, java.lang.String)[pri:2, instance:step.com.crm.qa.testcases.ContactsPageTest@754ba872]" name="validateCreateNewContactTest" duration-ms="2323" started-at="2019-04-26T22:55:58Z" data-provider="getCRMTestData" finished-at="2019-04-26T22:56:01Z">
          <params>
            <param index="0">
              <value>
                <![CDATA[Mrs.]]>
              </value>
            </param>
            <param index="1">
              <value>
                <![CDATA[Ana]]>
              </value>
            </param>
            <param index="2">
              <value>
                <![CDATA[Badgujar]]>
              </value>
            </param>
            <param index="3">
              <value>
                <![CDATA[Telstra]]>
              </value>
            </param>
          </params>
          <reporter-output>
          </reporter-output>
        </test-method> <!-- validateCreateNewContactTest -->
        <test-method status="PASS" signature="tearDown()[pri:0, instance:step.com.crm.qa.testcases.ContactsPageTest@754ba872]" name="tearDown" is-config="true" duration-ms="645" started-at="2019-04-26T22:56:01Z" finished-at="2019-04-26T22:56:01Z">
          <reporter-output>
          </reporter-output>
        </test-method> <!-- tearDown -->
      </class> <!-- step.com.crm.qa.testcases.ContactsPageTest -->
      <class name="step.com.crm.qa.testcases.LoginPageTest">
        <test-method status="PASS" signature="setUp()[pri:0, instance:step.com.crm.qa.testcases.LoginPageTest@204f30ec]" name="setUp" is-config="true" duration-ms="7635" started-at="2019-04-26T22:54:28Z" finished-at="2019-04-26T22:54:36Z">
          <reporter-output>
          </reporter-output>
        </test-method> <!-- setUp -->
        <test-method status="FAIL" signature="loginPageTitleTest()[pri:1, instance:step.com.crm.qa.testcases.LoginPageTest@204f30ec]" name="loginPageTitleTest" duration-ms="17" started-at="2019-04-26T22:54:36Z" finished-at="2019-04-26T22:54:36Z">
          <exception class="java.lang.AssertionError">
            <message>
              <![CDATA[expected [CRMPRO  - CRM software for customer relationship management, sales, and support.] but found [CRMPRO - CRM software for customer relationship management, sales, and support.]]]>
            </message>
            <full-stacktrace>
              <![CDATA[java.lang.AssertionError: expected [CRMPRO  - CRM software for customer relationship management, sales, and support.] but found [CRMPRO - CRM software for customer relationship management, sales, and support.]
at org.testng.Assert.fail(Assert.java:96)
at org.testng.Assert.failNotEquals(Assert.java:776)
at org.testng.Assert.assertEqualsImpl(Assert.java:137)
at org.testng.Assert.assertEquals(Assert.java:118)
at org.testng.Assert.assertEquals(Assert.java:453)
at org.testng.Assert.assertEquals(Assert.java:463)
at step.com.crm.qa.testcases.LoginPageTest.loginPageTitleTest(LoginPageTest.java:31)
at sun.reflect.NativeMethodAccessorImpl.invoke0(Native Method)
at sun.reflect.NativeMethodAccessorImpl.invoke(Unknown Source)
at sun.reflect.DelegatingMethodAccessorImpl.invoke(Unknown Source)
at java.lang.reflect.Method.invoke(Unknown Source)
at org.testng.internal.MethodInvocationHelper.invokeMethod(MethodInvocationHelper.java:124)
at org.testng.internal.Invoker.invokeMethod(Invoker.java:583)
at org.testng.internal.Invoker.invokeTestMethod(Invoker.java:719)
at org.testng.internal.Invoker.invokeTestMethods(Invoker.java:989)
at org.testng.internal.TestMethodWorker.invokeTestMethods(TestMethodWorker.java:125)
at org.testng.internal.TestMethodWorker.run(TestMethodWorker.java:109)
at org.testng.TestRunner.privateRun(TestRunner.java:648)
at org.testng.TestRunner.run(TestRunner.java:505)
at org.testng.SuiteRunner.runTest(SuiteRunner.java:455)
at org.testng.SuiteRunner.runSequentially(SuiteRunner.java:450)
at org.testng.SuiteRunner.privateRun(SuiteRunner.java:415)
at org.testng.SuiteRunner.run(SuiteRunner.java:364)
at org.testng.SuiteRunnerWorker.runSuite(SuiteRunnerWorker.java:52)
at org.testng.SuiteRunnerWorker.run(SuiteRunnerWorker.java:84)
at org.testng.TestNG.runSuitesSequentially(TestNG.java:1208)
at org.testng.TestNG.runSuitesLocally(TestNG.java:1137)
at org.testng.TestNG.runSuites(TestNG.java:1049)
at org.testng.TestNG.run(TestNG.java:1017)
at org.testng.remote.AbstractRemoteTestNG.run(AbstractRemoteTestNG.java:115)
at org.testng.remote.RemoteTestNG.initAndRun(RemoteTestNG.java:251)
at org.testng.remote.RemoteTestNG.main(RemoteTestNG.java:77)
]]>
            </full-stacktrace>
          </exception> <!-- java.lang.AssertionError -->
          <reporter-output>
          </reporter-output>
        </test-method> <!-- loginPageTitleTest -->
        <test-method status="PASS" signature="tearDown()[pri:0, instance:step.com.crm.qa.testcases.LoginPageTest@204f30ec]" name="tearDown" is-config="true" duration-ms="707" started-at="2019-04-26T22:54:36Z" finished-at="2019-04-26T22:54:36Z">
          <reporter-output>
          </reporter-output>
        </test-method> <!-- tearDown -->
        <test-method status="PASS" signature="setUp()[pri:0, instance:step.com.crm.qa.testcases.LoginPageTest@204f30ec]" name="setUp" is-config="true" duration-ms="7039" started-at="2019-04-26T22:54:59Z" finished-at="2019-04-26T22:55:06Z">
          <reporter-output>
          </reporter-output>
        </test-method> <!-- setUp -->
        <test-method status="PASS" signature="crmLogoImageTest()[pri:2, instance:step.com.crm.qa.testcases.LoginPageTest@204f30ec]" name="crmLogoImageTest" duration-ms="32" started-at="2019-04-26T22:55:06Z" finished-at="2019-04-26T22:55:06Z">
          <reporter-output>
          </reporter-output>
        </test-method> <!-- crmLogoImageTest -->
        <test-method status="PASS" signature="tearDown()[pri:0, instance:step.com.crm.qa.testcases.LoginPageTest@204f30ec]" name="tearDown" is-config="true" duration-ms="642" started-at="2019-04-26T22:55:06Z" finished-at="2019-04-26T22:55:07Z">
          <reporter-output>
          </reporter-output>
        </test-method> <!-- tearDown -->
        <test-method status="PASS" signature="setUp()[pri:0, instance:step.com.crm.qa.testcases.LoginPageTest@204f30ec]" name="setUp" is-config="true" duration-ms="6610" started-at="2019-04-26T22:56:01Z" finished-at="2019-04-26T22:56:08Z">
          <reporter-output>
          </reporter-output>
        </test-method> <!-- setUp -->
        <test-method status="PASS" signature="loginTest()[pri:3, instance:step.com.crm.qa.testcases.LoginPageTest@204f30ec]" name="loginTest" duration-ms="3562" started-at="2019-04-26T22:56:08Z" finished-at="2019-04-26T22:56:11Z">
          <reporter-output>
          </reporter-output>
        </test-method> <!-- loginTest -->
        <test-method status="PASS" signature="tearDown()[pri:0, instance:step.com.crm.qa.testcases.LoginPageTest@204f30ec]" name="tearDown" is-config="true" duration-ms="649" started-at="2019-04-26T22:56:11Z" finished-at="2019-04-26T22:56:12Z">
          <reporter-output>
          </reporter-output>
        </test-method> <!-- tearDown -->
      </class> <!-- step.com.crm.qa.testcases.LoginPageTest -->
    </test> <!-- Free Crm App Test cases  -->
  </suite> <!-- Free crm test automation suite -->
</testng-results>
